{"name":"hexo","hostname":"MichaeldeMBP-3.lan","pid":24622,"level":20,"msg":"Writing database to /Users/charles/Dropbox/Charles/workspace/limao693.github.io/db.json","time":"2020-05-29T17:03:36.020Z","v":0}
{"name":"hexo","hostname":"MichaeldeMBP-3.lan","pid":24622,"level":20,"msg":"Hexo version: \u001b[35m3.8.0\u001b[39m","time":"2020-05-29T17:03:36.032Z","v":0}
{"name":"hexo","hostname":"MichaeldeMBP-3.lan","pid":24622,"level":20,"msg":"Working directory: \u001b[35m~/Dropbox/Charles/workspace/limao693.github.io/\u001b[39m","time":"2020-05-29T17:03:36.033Z","v":0}
{"name":"hexo","hostname":"MichaeldeMBP-3.lan","pid":24622,"level":20,"msg":"Config loaded: \u001b[35m~/Dropbox/Charles/workspace/limao693.github.io/_config.yml\u001b[39m","time":"2020-05-29T17:03:36.136Z","v":0}
{"name":"hexo","hostname":"MichaeldeMBP-3.lan","pid":24622,"level":20,"msg":"Plugin loaded: \u001b[35mhexo-generator-archive\u001b[39m","time":"2020-05-29T17:03:36.164Z","v":0}
{"name":"hexo","hostname":"MichaeldeMBP-3.lan","pid":24622,"level":20,"msg":"Plugin loaded: \u001b[35mhexo-deployer-git\u001b[39m","time":"2020-05-29T17:03:36.239Z","v":0}
{"name":"hexo","hostname":"MichaeldeMBP-3.lan","pid":24622,"level":20,"msg":"Plugin loaded: \u001b[35mhexo-generator-category\u001b[39m","time":"2020-05-29T17:03:36.241Z","v":0}
{"name":"hexo","hostname":"MichaeldeMBP-3.lan","pid":24622,"level":20,"msg":"Plugin loaded: \u001b[35mhexo-generator-index\u001b[39m","time":"2020-05-29T17:03:36.243Z","v":0}
{"name":"hexo","hostname":"MichaeldeMBP-3.lan","pid":24622,"level":20,"msg":"Plugin loaded: \u001b[35mhexo-generator-tag\u001b[39m","time":"2020-05-29T17:03:36.244Z","v":0}
{"name":"hexo","hostname":"MichaeldeMBP-3.lan","pid":24622,"level":20,"msg":"Plugin loaded: \u001b[35mhexo-renderer-ejs\u001b[39m","time":"2020-05-29T17:03:36.248Z","v":0}
{"name":"hexo","hostname":"MichaeldeMBP-3.lan","pid":24622,"level":20,"msg":"Plugin loaded: \u001b[35mhexo-renderer-marked\u001b[39m","time":"2020-05-29T17:03:36.252Z","v":0}
{"name":"hexo","hostname":"MichaeldeMBP-3.lan","pid":24622,"level":20,"msg":"Plugin loaded: \u001b[35mhexo-renderer-stylus\u001b[39m","time":"2020-05-29T17:03:36.253Z","v":0}
{"name":"hexo","hostname":"MichaeldeMBP-3.lan","pid":24622,"level":20,"msg":"Plugin loaded: \u001b[35mhexo-server\u001b[39m","time":"2020-05-29T17:03:36.311Z","v":0}
{"name":"hexo","hostname":"MichaeldeMBP-3.lan","pid":24622,"level":20,"msg":"Loading database.","time":"2020-05-29T17:03:36.313Z","v":0}
{"name":"hexo","hostname":"MichaeldeMBP-3.lan","pid":24622,"level":30,"msg":"Start processing","time":"2020-05-29T17:03:36.333Z","v":0}
{"name":"hexo","hostname":"MichaeldeMBP-3.lan","pid":24622,"level":20,"msg":"Processed: \u001b[35mCNAME\u001b[39m","time":"2020-05-29T17:03:36.379Z","v":0}
{"name":"hexo","hostname":"MichaeldeMBP-3.lan","pid":24622,"level":20,"msg":"Processed: \u001b[35mREADME.md\u001b[39m","time":"2020-05-29T17:03:36.380Z","v":0}
{"name":"hexo","hostname":"MichaeldeMBP-3.lan","pid":24622,"level":20,"msg":"Theme config loaded.","time":"2020-05-29T17:03:36.435Z","v":0}
{"name":"hexo","hostname":"MichaeldeMBP-3.lan","pid":24622,"level":20,"msg":"Processed: \u001b[35m_config.yml\u001b[39m","time":"2020-05-29T17:03:36.437Z","v":0}
{"name":"hexo","hostname":"MichaeldeMBP-3.lan","pid":24622,"level":20,"msg":"Processed: \u001b[35msource/css/style.styl\u001b[39m","time":"2020-05-29T17:03:36.468Z","v":0}
{"name":"hexo","hostname":"MichaeldeMBP-3.lan","pid":24622,"level":20,"msg":"Processed: \u001b[35msource/js/qrious.js\u001b[39m","time":"2020-05-29T17:03:36.469Z","v":0}
{"name":"hexo","hostname":"MichaeldeMBP-3.lan","pid":24622,"level":20,"msg":"Processed: \u001b[35msource/js/script.js\u001b[39m","time":"2020-05-29T17:03:36.469Z","v":0}
{"name":"hexo","hostname":"MichaeldeMBP-3.lan","pid":24622,"level":20,"msg":"Processed: \u001b[35mlayout/about.ejs\u001b[39m","time":"2020-05-29T17:03:36.521Z","v":0}
{"name":"hexo","hostname":"MichaeldeMBP-3.lan","pid":24622,"level":20,"msg":"Processed: \u001b[35mlayout/archive.ejs\u001b[39m","time":"2020-05-29T17:03:36.521Z","v":0}
{"name":"hexo","hostname":"MichaeldeMBP-3.lan","pid":24622,"level":20,"msg":"Processed: \u001b[35mlayout/index.ejs\u001b[39m","time":"2020-05-29T17:03:36.521Z","v":0}
{"name":"hexo","hostname":"MichaeldeMBP-3.lan","pid":24622,"level":20,"msg":"Processed: \u001b[35mlayout/layout.ejs\u001b[39m","time":"2020-05-29T17:03:36.521Z","v":0}
{"name":"hexo","hostname":"MichaeldeMBP-3.lan","pid":24622,"level":20,"msg":"Processed: \u001b[35mlayout/page.ejs\u001b[39m","time":"2020-05-29T17:03:36.522Z","v":0}
{"name":"hexo","hostname":"MichaeldeMBP-3.lan","pid":24622,"level":20,"msg":"Processed: \u001b[35mlayout/project.ejs\u001b[39m","time":"2020-05-29T17:03:36.522Z","v":0}
{"name":"hexo","hostname":"MichaeldeMBP-3.lan","pid":24622,"level":20,"msg":"Processed: \u001b[35mlayout/tags.ejs\u001b[39m","time":"2020-05-29T17:03:36.522Z","v":0}
{"name":"hexo","hostname":"MichaeldeMBP-3.lan","pid":24622,"level":20,"msg":"Processed: \u001b[35mabout/index.md\u001b[39m","time":"2020-05-29T17:03:36.546Z","v":0}
{"name":"hexo","hostname":"MichaeldeMBP-3.lan","pid":24622,"level":20,"msg":"Processed: \u001b[35mproject/index.md\u001b[39m","time":"2020-05-29T17:03:36.551Z","v":0}
{"name":"hexo","hostname":"MichaeldeMBP-3.lan","pid":24622,"level":20,"msg":"Processed: \u001b[35m_posts/Git与Gerrit使用小结.md\u001b[39m","time":"2020-05-29T17:03:36.554Z","v":0}
{"name":"hexo","hostname":"MichaeldeMBP-3.lan","pid":24622,"level":20,"msg":"Processed: \u001b[35mtags/index.md\u001b[39m","time":"2020-05-29T17:03:36.555Z","v":0}
{"name":"hexo","hostname":"MichaeldeMBP-3.lan","pid":24622,"level":20,"msg":"Processed: \u001b[35m_posts/Go语言的sync模块.md\u001b[39m","time":"2020-05-29T17:03:36.560Z","v":0}
{"name":"hexo","hostname":"MichaeldeMBP-3.lan","pid":24622,"level":20,"msg":"Processed: \u001b[35m_posts/python协程gevent.md\u001b[39m","time":"2020-05-29T17:03:36.583Z","v":0}
{"name":"hexo","hostname":"MichaeldeMBP-3.lan","pid":24622,"level":20,"msg":"Processed: \u001b[35m_posts/Docker基础原理--namespace（pid与network）.md\u001b[39m","time":"2020-05-29T17:03:36.586Z","v":0}
{"name":"hexo","hostname":"MichaeldeMBP-3.lan","pid":24622,"level":20,"msg":"Processed: \u001b[35m_posts/技术系分.md\u001b[39m","time":"2020-05-29T17:03:36.588Z","v":0}
{"name":"hexo","hostname":"MichaeldeMBP-3.lan","pid":24622,"level":20,"msg":"Processed: \u001b[35m_posts/测试语雀-Travis-Hexo.md\u001b[39m","time":"2020-05-29T17:03:36.590Z","v":0}
{"name":"hexo","hostname":"MichaeldeMBP-3.lan","pid":24622,"level":20,"msg":"Processed: \u001b[35m_posts/搭建hexo博客，Travis持续集成.md\u001b[39m","time":"2020-05-29T17:03:36.591Z","v":0}
{"name":"hexo","hostname":"MichaeldeMBP-3.lan","pid":24622,"level":20,"msg":"Processed: \u001b[35m_posts/Docker基础知识--Cgroup.md\u001b[39m","time":"2020-05-29T17:03:36.592Z","v":0}
{"name":"hexo","hostname":"MichaeldeMBP-3.lan","pid":24622,"level":20,"msg":"Processed: \u001b[35msource/css/images/catalog.png\u001b[39m","time":"2020-05-29T17:03:36.595Z","v":0}
{"name":"hexo","hostname":"MichaeldeMBP-3.lan","pid":24622,"level":20,"msg":"Processed: \u001b[35m_posts/RPC调用.md\u001b[39m","time":"2020-05-29T17:03:36.595Z","v":0}
{"name":"hexo","hostname":"MichaeldeMBP-3.lan","pid":24622,"level":20,"msg":"Processed: \u001b[35msource/css/images/alipay.jpg\u001b[39m","time":"2020-05-29T17:03:36.596Z","v":0}
{"name":"hexo","hostname":"MichaeldeMBP-3.lan","pid":24622,"level":20,"msg":"Processed: \u001b[35msource/css/images/escheres.png\u001b[39m","time":"2020-05-29T17:03:36.596Z","v":0}
{"name":"hexo","hostname":"MichaeldeMBP-3.lan","pid":24622,"level":20,"msg":"Processed: \u001b[35msource/css/images/logo.png\u001b[39m","time":"2020-05-29T17:03:36.597Z","v":0}
{"name":"hexo","hostname":"MichaeldeMBP-3.lan","pid":24622,"level":20,"msg":"Processed: \u001b[35msource/css/images/menu.png\u001b[39m","time":"2020-05-29T17:03:36.598Z","v":0}
{"name":"hexo","hostname":"MichaeldeMBP-3.lan","pid":24622,"level":20,"msg":"Processed: \u001b[35m_posts/Kafka - - 快速入门指南.md\u001b[39m","time":"2020-05-29T17:03:36.598Z","v":0}
{"name":"hexo","hostname":"MichaeldeMBP-3.lan","pid":24622,"level":20,"msg":"Processed: \u001b[35msource/css/images/top.png\u001b[39m","time":"2020-05-29T17:03:36.599Z","v":0}
{"name":"hexo","hostname":"MichaeldeMBP-3.lan","pid":24622,"level":20,"msg":"Processed: \u001b[35msource/css/plugins/gitment.css\u001b[39m","time":"2020-05-29T17:03:36.599Z","v":0}
{"name":"hexo","hostname":"MichaeldeMBP-3.lan","pid":24622,"level":20,"msg":"Processed: \u001b[35msource/js/gitment.js\u001b[39m","time":"2020-05-29T17:03:36.599Z","v":0}
{"name":"hexo","hostname":"MichaeldeMBP-3.lan","pid":24622,"level":20,"msg":"Processed: \u001b[35msource/fonts/SourceSansPro.ttf\u001b[39m","time":"2020-05-29T17:03:36.600Z","v":0}
{"name":"hexo","hostname":"MichaeldeMBP-3.lan","pid":24622,"level":20,"msg":"Processed: \u001b[35m_posts/usb接口键盘转PS2接口.md\u001b[39m","time":"2020-05-29T17:03:36.600Z","v":0}
{"name":"hexo","hostname":"MichaeldeMBP-3.lan","pid":24622,"level":20,"msg":"Processed: \u001b[35msource/css/images/wechat.jpg\u001b[39m","time":"2020-05-29T17:03:36.603Z","v":0}
{"name":"hexo","hostname":"MichaeldeMBP-3.lan","pid":24622,"level":20,"msg":"Processed: \u001b[35mlayout/_partial/archive.ejs\u001b[39m","time":"2020-05-29T17:03:36.622Z","v":0}
{"name":"hexo","hostname":"MichaeldeMBP-3.lan","pid":24622,"level":20,"msg":"Processed: \u001b[35mlayout/_partial/catalog.ejs\u001b[39m","time":"2020-05-29T17:03:36.622Z","v":0}
{"name":"hexo","hostname":"MichaeldeMBP-3.lan","pid":24622,"level":20,"msg":"Processed: \u001b[35mlayout/_partial/footer.ejs\u001b[39m","time":"2020-05-29T17:03:36.622Z","v":0}
{"name":"hexo","hostname":"MichaeldeMBP-3.lan","pid":24622,"level":20,"msg":"Processed: \u001b[35mlayout/_partial/head.ejs\u001b[39m","time":"2020-05-29T17:03:36.622Z","v":0}
{"name":"hexo","hostname":"MichaeldeMBP-3.lan","pid":24622,"level":20,"msg":"Processed: \u001b[35mlayout/_partial/header.ejs\u001b[39m","time":"2020-05-29T17:03:36.622Z","v":0}
{"name":"hexo","hostname":"MichaeldeMBP-3.lan","pid":24622,"level":20,"msg":"Processed: \u001b[35mlayout/_partial/nav.ejs\u001b[39m","time":"2020-05-29T17:03:36.622Z","v":0}
{"name":"hexo","hostname":"MichaeldeMBP-3.lan","pid":24622,"level":20,"msg":"Processed: \u001b[35mlayout/_partial/pager.ejs\u001b[39m","time":"2020-05-29T17:03:36.622Z","v":0}
{"name":"hexo","hostname":"MichaeldeMBP-3.lan","pid":24622,"level":20,"msg":"Processed: \u001b[35mlayout/_partial/tag.ejs\u001b[39m","time":"2020-05-29T17:03:36.623Z","v":0}
{"name":"hexo","hostname":"MichaeldeMBP-3.lan","pid":24622,"level":20,"msg":"Processed: \u001b[35mlayout/_partial/top.ejs\u001b[39m","time":"2020-05-29T17:03:36.623Z","v":0}
{"name":"hexo","hostname":"MichaeldeMBP-3.lan","pid":24622,"level":20,"msg":"Processed: \u001b[35mlayout/_third-party/mathjax.ejs\u001b[39m","time":"2020-05-29T17:03:36.623Z","v":0}
{"name":"hexo","hostname":"MichaeldeMBP-3.lan","pid":24622,"level":20,"msg":"Processed: \u001b[35m_posts/yuque/Go语言的sync模块.md\u001b[39m","time":"2020-05-29T17:03:36.631Z","v":0}
{"name":"hexo","hostname":"MichaeldeMBP-3.lan","pid":24622,"level":20,"msg":"Processed: \u001b[35m_posts/yuque/Docker基础原理--namespace（pid与network）.md\u001b[39m","time":"2020-05-29T17:03:36.631Z","v":0}
{"name":"hexo","hostname":"MichaeldeMBP-3.lan","pid":24622,"level":20,"msg":"Processed: \u001b[35m_posts/yuque/Docker基础知识--Cgroup.md\u001b[39m","time":"2020-05-29T17:03:36.636Z","v":0}
{"name":"hexo","hostname":"MichaeldeMBP-3.lan","pid":24622,"level":20,"msg":"Processed: \u001b[35m_posts/yuque/测试语雀-Travis-Hexo.md\u001b[39m","time":"2020-05-29T17:03:36.638Z","v":0}
{"name":"hexo","hostname":"MichaeldeMBP-3.lan","pid":24622,"level":20,"msg":"Processed: \u001b[35m_posts/yuque/Kafka - - 快速入门指南.md\u001b[39m","time":"2020-05-29T17:03:36.638Z","v":0}
{"name":"hexo","hostname":"MichaeldeMBP-3.lan","pid":24622,"level":20,"msg":"Processed: \u001b[35m_posts/yuque/RPC调用.md\u001b[39m","time":"2020-05-29T17:03:36.639Z","v":0}
{"name":"hexo","hostname":"MichaeldeMBP-3.lan","pid":24622,"level":20,"msg":"Processed: \u001b[35m_posts/yuque/usb接口键盘转PS2接口.md\u001b[39m","time":"2020-05-29T17:03:36.639Z","v":0}
{"name":"hexo","hostname":"MichaeldeMBP-3.lan","pid":24622,"level":20,"msg":"Generator: \u001b[35mpage\u001b[39m","time":"2020-05-29T17:03:36.994Z","v":0}
{"name":"hexo","hostname":"MichaeldeMBP-3.lan","pid":24622,"level":20,"msg":"Generator: \u001b[35mpost\u001b[39m","time":"2020-05-29T17:03:36.994Z","v":0}
{"name":"hexo","hostname":"MichaeldeMBP-3.lan","pid":24622,"level":20,"msg":"Generator: \u001b[35marchive\u001b[39m","time":"2020-05-29T17:03:36.994Z","v":0}
{"name":"hexo","hostname":"MichaeldeMBP-3.lan","pid":24622,"level":20,"msg":"Generator: \u001b[35mcategory\u001b[39m","time":"2020-05-29T17:03:36.994Z","v":0}
{"name":"hexo","hostname":"MichaeldeMBP-3.lan","pid":24622,"level":20,"msg":"Generator: \u001b[35mindex\u001b[39m","time":"2020-05-29T17:03:36.995Z","v":0}
{"name":"hexo","hostname":"MichaeldeMBP-3.lan","pid":24622,"level":20,"msg":"Generator: \u001b[35mtag\u001b[39m","time":"2020-05-29T17:03:36.995Z","v":0}
{"name":"hexo","hostname":"MichaeldeMBP-3.lan","pid":24622,"level":20,"msg":"Generator: \u001b[35masset\u001b[39m","time":"2020-05-29T17:03:36.995Z","v":0}
{"name":"hexo","hostname":"MichaeldeMBP-3.lan","pid":24622,"level":30,"msg":"Files loaded in \u001b[36m689 ms\u001b[39m","time":"2020-05-29T17:03:37.002Z","v":0}
{"name":"hexo","hostname":"MichaeldeMBP-3.lan","pid":24622,"level":20,"msg":"Rendering about: \u001b[35mabout/index.html\u001b[39m","time":"2020-05-29T17:03:37.018Z","v":0}
{"name":"hexo","hostname":"MichaeldeMBP-3.lan","pid":24622,"level":20,"msg":"Rendering project: \u001b[35mproject/index.html\u001b[39m","time":"2020-05-29T17:03:37.027Z","v":0}
{"name":"hexo","hostname":"MichaeldeMBP-3.lan","pid":24622,"level":20,"msg":"Rendering tags: \u001b[35mtags/index.html\u001b[39m","time":"2020-05-29T17:03:37.031Z","v":0}
{"name":"hexo","hostname":"MichaeldeMBP-3.lan","pid":24622,"level":20,"msg":"Rendering page: \u001b[35m2020/05/26/python协程gevent/index.html\u001b[39m","time":"2020-05-29T17:03:37.038Z","v":0}
{"name":"hexo","hostname":"MichaeldeMBP-3.lan","pid":24622,"level":20,"msg":"Rendering page: \u001b[35m2020/01/08/Docker基础知识--Cgroup/index.html\u001b[39m","time":"2020-05-29T17:03:37.057Z","v":0}
{"name":"hexo","hostname":"MichaeldeMBP-3.lan","pid":24622,"level":20,"msg":"Rendering page: \u001b[35m2020/01/08/yuque/Docker基础知识--Cgroup/index.html\u001b[39m","time":"2020-05-29T17:03:37.084Z","v":0}
{"name":"hexo","hostname":"MichaeldeMBP-3.lan","pid":24622,"level":20,"msg":"Rendering page: \u001b[35m2019/12/18/Docker基础原理--namespace（pid与network）/index.html\u001b[39m","time":"2020-05-29T17:03:37.106Z","v":0}
{"name":"hexo","hostname":"MichaeldeMBP-3.lan","pid":24622,"level":20,"msg":"Rendering page: \u001b[35m2019/09/04/Go语言的sync模块/index.html\u001b[39m","time":"2020-05-29T17:03:37.153Z","v":0}
{"name":"hexo","hostname":"MichaeldeMBP-3.lan","pid":24622,"level":20,"msg":"Rendering page: \u001b[35m2019/12/18/yuque/Docker基础原理--namespace（pid与network）/index.html\u001b[39m","time":"2020-05-29T17:03:37.162Z","v":0}
{"name":"hexo","hostname":"MichaeldeMBP-3.lan","pid":24622,"level":20,"msg":"Rendering page: \u001b[35m2019/09/04/yuque/Go语言的sync模块/index.html\u001b[39m","time":"2020-05-29T17:03:37.195Z","v":0}
{"name":"hexo","hostname":"MichaeldeMBP-3.lan","pid":24622,"level":20,"msg":"Rendering page: \u001b[35m2019/06/03/RPC调用/index.html\u001b[39m","time":"2020-05-29T17:03:37.211Z","v":0}
{"name":"hexo","hostname":"MichaeldeMBP-3.lan","pid":24622,"level":20,"msg":"Rendering page: \u001b[35m2019/06/03/yuque/RPC调用/index.html\u001b[39m","time":"2020-05-29T17:03:37.228Z","v":0}
{"name":"hexo","hostname":"MichaeldeMBP-3.lan","pid":24622,"level":20,"msg":"Rendering page: \u001b[35m2019/03/03/usb接口键盘转PS2接口/index.html\u001b[39m","time":"2020-05-29T17:03:37.234Z","v":0}
{"name":"hexo","hostname":"MichaeldeMBP-3.lan","pid":24622,"level":20,"msg":"Rendering page: \u001b[35m2019/03/03/yuque/usb接口键盘转PS2接口/index.html\u001b[39m","time":"2020-05-29T17:03:37.249Z","v":0}
{"name":"hexo","hostname":"MichaeldeMBP-3.lan","pid":24622,"level":20,"msg":"Rendering page: \u001b[35m2019/02/01/Kafka - - 快速入门指南/index.html\u001b[39m","time":"2020-05-29T17:03:37.264Z","v":0}
{"name":"hexo","hostname":"MichaeldeMBP-3.lan","pid":24622,"level":20,"msg":"Rendering page: \u001b[35m2019/02/01/yuque/Kafka - - 快速入门指南/index.html\u001b[39m","time":"2020-05-29T17:03:37.275Z","v":0}
{"name":"hexo","hostname":"MichaeldeMBP-3.lan","pid":24622,"level":20,"msg":"Rendering page: \u001b[35m2019/01/29/测试语雀-Travis-Hexo/index.html\u001b[39m","time":"2020-05-29T17:03:37.326Z","v":0}
{"name":"hexo","hostname":"MichaeldeMBP-3.lan","pid":24622,"level":20,"msg":"Rendering page: \u001b[35m2019/01/29/yuque/测试语雀-Travis-Hexo/index.html\u001b[39m","time":"2020-05-29T17:03:37.330Z","v":0}
{"name":"hexo","hostname":"MichaeldeMBP-3.lan","pid":24622,"level":20,"msg":"Rendering page: \u001b[35m2019/01/21/技术系分/index.html\u001b[39m","time":"2020-05-29T17:03:37.332Z","v":0}
{"name":"hexo","hostname":"MichaeldeMBP-3.lan","pid":24622,"level":20,"msg":"Rendering page: \u001b[35m2019/01/15/Git与Gerrit使用小结/index.html\u001b[39m","time":"2020-05-29T17:03:37.335Z","v":0}
{"name":"hexo","hostname":"MichaeldeMBP-3.lan","pid":24622,"level":20,"msg":"Rendering page: \u001b[35m2019/01/04/搭建hexo博客，Travis持续集成/index.html\u001b[39m","time":"2020-05-29T17:03:37.340Z","v":0}
{"name":"hexo","hostname":"MichaeldeMBP-3.lan","pid":24622,"level":20,"msg":"Rendering archive: \u001b[35marchives/index.html\u001b[39m","time":"2020-05-29T17:03:37.347Z","v":0}
{"name":"hexo","hostname":"MichaeldeMBP-3.lan","pid":24622,"level":20,"msg":"Rendering archive: \u001b[35marchives/page/2/index.html\u001b[39m","time":"2020-05-29T17:03:37.363Z","v":0}
{"name":"hexo","hostname":"MichaeldeMBP-3.lan","pid":24622,"level":20,"msg":"Rendering archive: \u001b[35marchives/2019/index.html\u001b[39m","time":"2020-05-29T17:03:37.370Z","v":0}
{"name":"hexo","hostname":"MichaeldeMBP-3.lan","pid":24622,"level":20,"msg":"Rendering archive: \u001b[35marchives/2019/page/2/index.html\u001b[39m","time":"2020-05-29T17:03:37.375Z","v":0}
{"name":"hexo","hostname":"MichaeldeMBP-3.lan","pid":24622,"level":20,"msg":"Rendering archive: \u001b[35marchives/2019/01/index.html\u001b[39m","time":"2020-05-29T17:03:37.393Z","v":0}
{"name":"hexo","hostname":"MichaeldeMBP-3.lan","pid":24622,"level":20,"msg":"Rendering archive: \u001b[35marchives/2019/02/index.html\u001b[39m","time":"2020-05-29T17:03:37.398Z","v":0}
{"name":"hexo","hostname":"MichaeldeMBP-3.lan","pid":24622,"level":20,"msg":"Rendering archive: \u001b[35marchives/2019/03/index.html\u001b[39m","time":"2020-05-29T17:03:37.402Z","v":0}
{"name":"hexo","hostname":"MichaeldeMBP-3.lan","pid":24622,"level":20,"msg":"Rendering archive: \u001b[35marchives/2019/06/index.html\u001b[39m","time":"2020-05-29T17:03:37.405Z","v":0}
{"name":"hexo","hostname":"MichaeldeMBP-3.lan","pid":24622,"level":20,"msg":"Rendering archive: \u001b[35marchives/2019/09/index.html\u001b[39m","time":"2020-05-29T17:03:37.410Z","v":0}
{"name":"hexo","hostname":"MichaeldeMBP-3.lan","pid":24622,"level":20,"msg":"Rendering archive: \u001b[35marchives/2019/12/index.html\u001b[39m","time":"2020-05-29T17:03:37.428Z","v":0}
{"name":"hexo","hostname":"MichaeldeMBP-3.lan","pid":24622,"level":20,"msg":"Rendering archive: \u001b[35marchives/2020/index.html\u001b[39m","time":"2020-05-29T17:03:37.432Z","v":0}
{"name":"hexo","hostname":"MichaeldeMBP-3.lan","pid":24622,"level":20,"msg":"Rendering archive: \u001b[35marchives/2020/01/index.html\u001b[39m","time":"2020-05-29T17:03:37.439Z","v":0}
{"name":"hexo","hostname":"MichaeldeMBP-3.lan","pid":24622,"level":20,"msg":"Rendering archive: \u001b[35marchives/2020/05/index.html\u001b[39m","time":"2020-05-29T17:03:37.462Z","v":0}
{"name":"hexo","hostname":"MichaeldeMBP-3.lan","pid":24622,"level":20,"msg":"Rendering index: \u001b[35mindex.html\u001b[39m","time":"2020-05-29T17:03:37.466Z","v":0}
{"name":"hexo","hostname":"MichaeldeMBP-3.lan","pid":24622,"level":20,"msg":"Rendering index: \u001b[35mpage/2/index.html\u001b[39m","time":"2020-05-29T17:03:37.512Z","v":0}
{"name":"hexo","hostname":"MichaeldeMBP-3.lan","pid":24622,"level":20,"msg":"Rendering archive: \u001b[35mtags/docker/index.html\u001b[39m","time":"2020-05-29T17:03:37.524Z","v":0}
{"name":"hexo","hostname":"MichaeldeMBP-3.lan","pid":24622,"level":20,"msg":"Rendering archive: \u001b[35mtags/namespace/index.html\u001b[39m","time":"2020-05-29T17:03:37.528Z","v":0}
{"name":"hexo","hostname":"MichaeldeMBP-3.lan","pid":24622,"level":20,"msg":"Rendering archive: \u001b[35mtags/Cgroup/index.html\u001b[39m","time":"2020-05-29T17:03:37.544Z","v":0}
{"name":"hexo","hostname":"MichaeldeMBP-3.lan","pid":24622,"level":20,"msg":"Rendering archive: \u001b[35mtags/rpc/index.html\u001b[39m","time":"2020-05-29T17:03:37.549Z","v":0}
{"name":"hexo","hostname":"MichaeldeMBP-3.lan","pid":24622,"level":20,"msg":"Rendering archive: \u001b[35mtags/HTTP/index.html\u001b[39m","time":"2020-05-29T17:03:37.566Z","v":0}
{"name":"hexo","hostname":"MichaeldeMBP-3.lan","pid":24622,"level":20,"msg":"Rendering archive: \u001b[35mtags/珠峰翻译计划/index.html\u001b[39m","time":"2020-05-29T17:03:37.602Z","v":0}
{"name":"hexo","hostname":"MichaeldeMBP-3.lan","pid":24622,"level":20,"msg":"Rendering archive: \u001b[35mtags/Kafka/index.html\u001b[39m","time":"2020-05-29T17:03:37.619Z","v":0}
{"name":"hexo","hostname":"MichaeldeMBP-3.lan","pid":24622,"level":20,"msg":"Rendering archive: \u001b[35mtags/Arduino/index.html\u001b[39m","time":"2020-05-29T17:03:37.636Z","v":0}
{"name":"hexo","hostname":"MichaeldeMBP-3.lan","pid":24622,"level":20,"msg":"Rendering archive: \u001b[35mtags/硬件/index.html\u001b[39m","time":"2020-05-29T17:03:37.681Z","v":0}
{"name":"hexo","hostname":"MichaeldeMBP-3.lan","pid":24622,"level":30,"msg":"Generated: \u001b[35mindex.html\u001b[39m","time":"2020-05-29T17:03:38.493Z","v":0}
{"name":"hexo","hostname":"MichaeldeMBP-3.lan","pid":24622,"level":30,"msg":"Generated: \u001b[35mREADME.md\u001b[39m","time":"2020-05-29T17:03:38.500Z","v":0}
{"name":"hexo","hostname":"MichaeldeMBP-3.lan","pid":24622,"level":30,"msg":"Generated: \u001b[35mCNAME\u001b[39m","time":"2020-05-29T17:03:38.500Z","v":0}
{"name":"hexo","hostname":"MichaeldeMBP-3.lan","pid":24622,"level":30,"msg":"Generated: \u001b[35mproject/index.html\u001b[39m","time":"2020-05-29T17:03:38.509Z","v":0}
{"name":"hexo","hostname":"MichaeldeMBP-3.lan","pid":24622,"level":30,"msg":"Generated: \u001b[35mtags/index.html\u001b[39m","time":"2020-05-29T17:03:38.509Z","v":0}
{"name":"hexo","hostname":"MichaeldeMBP-3.lan","pid":24622,"level":30,"msg":"Generated: \u001b[35marchives/index.html\u001b[39m","time":"2020-05-29T17:03:38.509Z","v":0}
{"name":"hexo","hostname":"MichaeldeMBP-3.lan","pid":24622,"level":30,"msg":"Generated: \u001b[35mabout/index.html\u001b[39m","time":"2020-05-29T17:03:38.510Z","v":0}
{"name":"hexo","hostname":"MichaeldeMBP-3.lan","pid":24622,"level":30,"msg":"Generated: \u001b[35marchives/page/2/index.html\u001b[39m","time":"2020-05-29T17:03:38.540Z","v":0}
{"name":"hexo","hostname":"MichaeldeMBP-3.lan","pid":24622,"level":30,"msg":"Generated: \u001b[35marchives/2019/01/index.html\u001b[39m","time":"2020-05-29T17:03:38.541Z","v":0}
{"name":"hexo","hostname":"MichaeldeMBP-3.lan","pid":24622,"level":30,"msg":"Generated: \u001b[35marchives/2020/01/index.html\u001b[39m","time":"2020-05-29T17:03:38.541Z","v":0}
{"name":"hexo","hostname":"MichaeldeMBP-3.lan","pid":24622,"level":30,"msg":"Generated: \u001b[35mpage/2/index.html\u001b[39m","time":"2020-05-29T17:03:38.541Z","v":0}
{"name":"hexo","hostname":"MichaeldeMBP-3.lan","pid":24622,"level":30,"msg":"Generated: \u001b[35marchives/2019/03/index.html\u001b[39m","time":"2020-05-29T17:03:38.541Z","v":0}
{"name":"hexo","hostname":"MichaeldeMBP-3.lan","pid":24622,"level":30,"msg":"Generated: \u001b[35marchives/2019/02/index.html\u001b[39m","time":"2020-05-29T17:03:38.542Z","v":0}
{"name":"hexo","hostname":"MichaeldeMBP-3.lan","pid":24622,"level":30,"msg":"Generated: \u001b[35marchives/2019/06/index.html\u001b[39m","time":"2020-05-29T17:03:38.542Z","v":0}
{"name":"hexo","hostname":"MichaeldeMBP-3.lan","pid":24622,"level":30,"msg":"Generated: \u001b[35marchives/2019/09/index.html\u001b[39m","time":"2020-05-29T17:03:38.542Z","v":0}
{"name":"hexo","hostname":"MichaeldeMBP-3.lan","pid":24622,"level":30,"msg":"Generated: \u001b[35marchives/2019/12/index.html\u001b[39m","time":"2020-05-29T17:03:38.543Z","v":0}
{"name":"hexo","hostname":"MichaeldeMBP-3.lan","pid":24622,"level":30,"msg":"Generated: \u001b[35mtags/docker/index.html\u001b[39m","time":"2020-05-29T17:03:38.543Z","v":0}
{"name":"hexo","hostname":"MichaeldeMBP-3.lan","pid":24622,"level":30,"msg":"Generated: \u001b[35marchives/2020/05/index.html\u001b[39m","time":"2020-05-29T17:03:38.543Z","v":0}
{"name":"hexo","hostname":"MichaeldeMBP-3.lan","pid":24622,"level":30,"msg":"Generated: \u001b[35mtags/namespace/index.html\u001b[39m","time":"2020-05-29T17:03:38.544Z","v":0}
{"name":"hexo","hostname":"MichaeldeMBP-3.lan","pid":24622,"level":30,"msg":"Generated: \u001b[35mtags/rpc/index.html\u001b[39m","time":"2020-05-29T17:03:38.544Z","v":0}
{"name":"hexo","hostname":"MichaeldeMBP-3.lan","pid":24622,"level":30,"msg":"Generated: \u001b[35mtags/Cgroup/index.html\u001b[39m","time":"2020-05-29T17:03:38.544Z","v":0}
{"name":"hexo","hostname":"MichaeldeMBP-3.lan","pid":24622,"level":30,"msg":"Generated: \u001b[35mtags/HTTP/index.html\u001b[39m","time":"2020-05-29T17:03:38.544Z","v":0}
{"name":"hexo","hostname":"MichaeldeMBP-3.lan","pid":24622,"level":30,"msg":"Generated: \u001b[35mtags/珠峰翻译计划/index.html\u001b[39m","time":"2020-05-29T17:03:38.545Z","v":0}
{"name":"hexo","hostname":"MichaeldeMBP-3.lan","pid":24622,"level":30,"msg":"Generated: \u001b[35mtags/Kafka/index.html\u001b[39m","time":"2020-05-29T17:03:38.545Z","v":0}
{"name":"hexo","hostname":"MichaeldeMBP-3.lan","pid":24622,"level":30,"msg":"Generated: \u001b[35mtags/Arduino/index.html\u001b[39m","time":"2020-05-29T17:03:38.545Z","v":0}
{"name":"hexo","hostname":"MichaeldeMBP-3.lan","pid":24622,"level":30,"msg":"Generated: \u001b[35mtags/硬件/index.html\u001b[39m","time":"2020-05-29T17:03:38.546Z","v":0}
{"name":"hexo","hostname":"MichaeldeMBP-3.lan","pid":24622,"level":30,"msg":"Generated: \u001b[35marchives/2019/index.html\u001b[39m","time":"2020-05-29T17:03:38.549Z","v":0}
{"name":"hexo","hostname":"MichaeldeMBP-3.lan","pid":24622,"level":30,"msg":"Generated: \u001b[35marchives/2020/index.html\u001b[39m","time":"2020-05-29T17:03:38.549Z","v":0}
{"name":"hexo","hostname":"MichaeldeMBP-3.lan","pid":24622,"level":30,"msg":"Generated: \u001b[35mcss/images/catalog.png\u001b[39m","time":"2020-05-29T17:03:38.565Z","v":0}
{"name":"hexo","hostname":"MichaeldeMBP-3.lan","pid":24622,"level":30,"msg":"Generated: \u001b[35mjs/script.js\u001b[39m","time":"2020-05-29T17:03:38.568Z","v":0}
{"name":"hexo","hostname":"MichaeldeMBP-3.lan","pid":24622,"level":30,"msg":"Generated: \u001b[35mcss/plugins/gitment.css\u001b[39m","time":"2020-05-29T17:03:38.569Z","v":0}
{"name":"hexo","hostname":"MichaeldeMBP-3.lan","pid":24622,"level":30,"msg":"Generated: \u001b[35mcss/style.css\u001b[39m","time":"2020-05-29T17:03:38.572Z","v":0}
{"name":"hexo","hostname":"MichaeldeMBP-3.lan","pid":24622,"level":30,"msg":"Generated: \u001b[35mjs/qrious.js\u001b[39m","time":"2020-05-29T17:03:38.573Z","v":0}
{"name":"hexo","hostname":"MichaeldeMBP-3.lan","pid":24622,"level":30,"msg":"Generated: \u001b[35mjs/gitment.js\u001b[39m","time":"2020-05-29T17:03:38.574Z","v":0}
{"name":"hexo","hostname":"MichaeldeMBP-3.lan","pid":24622,"level":30,"msg":"Generated: \u001b[35mcss/images/escheres.png\u001b[39m","time":"2020-05-29T17:03:38.575Z","v":0}
{"name":"hexo","hostname":"MichaeldeMBP-3.lan","pid":24622,"level":30,"msg":"Generated: \u001b[35mcss/images/alipay.jpg\u001b[39m","time":"2020-05-29T17:03:38.575Z","v":0}
{"name":"hexo","hostname":"MichaeldeMBP-3.lan","pid":24622,"level":30,"msg":"Generated: \u001b[35mcss/images/logo.png\u001b[39m","time":"2020-05-29T17:03:38.576Z","v":0}
{"name":"hexo","hostname":"MichaeldeMBP-3.lan","pid":24622,"level":30,"msg":"Generated: \u001b[35mcss/images/menu.png\u001b[39m","time":"2020-05-29T17:03:38.576Z","v":0}
{"name":"hexo","hostname":"MichaeldeMBP-3.lan","pid":24622,"level":30,"msg":"Generated: \u001b[35mcss/images/top.png\u001b[39m","time":"2020-05-29T17:03:38.582Z","v":0}
{"name":"hexo","hostname":"MichaeldeMBP-3.lan","pid":24622,"level":30,"msg":"Generated: \u001b[35mfonts/SourceSansPro.ttf\u001b[39m","time":"2020-05-29T17:03:38.583Z","v":0}
{"name":"hexo","hostname":"MichaeldeMBP-3.lan","pid":24622,"level":30,"msg":"Generated: \u001b[35marchives/2019/page/2/index.html\u001b[39m","time":"2020-05-29T17:03:38.583Z","v":0}
{"name":"hexo","hostname":"MichaeldeMBP-3.lan","pid":24622,"level":30,"msg":"Generated: \u001b[35mcss/images/wechat.jpg\u001b[39m","time":"2020-05-29T17:03:38.585Z","v":0}
{"name":"hexo","hostname":"MichaeldeMBP-3.lan","pid":24622,"level":30,"msg":"Generated: \u001b[35m2020/05/26/python协程gevent/index.html\u001b[39m","time":"2020-05-29T17:03:38.602Z","v":0}
{"name":"hexo","hostname":"MichaeldeMBP-3.lan","pid":24622,"level":30,"msg":"Generated: \u001b[35m2019/03/03/usb接口键盘转PS2接口/index.html\u001b[39m","time":"2020-05-29T17:03:38.605Z","v":0}
{"name":"hexo","hostname":"MichaeldeMBP-3.lan","pid":24622,"level":30,"msg":"Generated: \u001b[35m2019/01/29/测试语雀-Travis-Hexo/index.html\u001b[39m","time":"2020-05-29T17:03:38.606Z","v":0}
{"name":"hexo","hostname":"MichaeldeMBP-3.lan","pid":24622,"level":30,"msg":"Generated: \u001b[35m2019/12/18/Docker基础原理--namespace（pid与network）/index.html\u001b[39m","time":"2020-05-29T17:03:38.606Z","v":0}
{"name":"hexo","hostname":"MichaeldeMBP-3.lan","pid":24622,"level":30,"msg":"Generated: \u001b[35m2020/01/08/Docker基础知识--Cgroup/index.html\u001b[39m","time":"2020-05-29T17:03:38.606Z","v":0}
{"name":"hexo","hostname":"MichaeldeMBP-3.lan","pid":24622,"level":30,"msg":"Generated: \u001b[35m2019/06/03/RPC调用/index.html\u001b[39m","time":"2020-05-29T17:03:38.607Z","v":0}
{"name":"hexo","hostname":"MichaeldeMBP-3.lan","pid":24622,"level":30,"msg":"Generated: \u001b[35m2019/01/21/技术系分/index.html\u001b[39m","time":"2020-05-29T17:03:38.607Z","v":0}
{"name":"hexo","hostname":"MichaeldeMBP-3.lan","pid":24622,"level":30,"msg":"Generated: \u001b[35m2019/01/15/Git与Gerrit使用小结/index.html\u001b[39m","time":"2020-05-29T17:03:38.607Z","v":0}
{"name":"hexo","hostname":"MichaeldeMBP-3.lan","pid":24622,"level":30,"msg":"Generated: \u001b[35m2019/01/04/搭建hexo博客，Travis持续集成/index.html\u001b[39m","time":"2020-05-29T17:03:38.608Z","v":0}
{"name":"hexo","hostname":"MichaeldeMBP-3.lan","pid":24622,"level":30,"msg":"Generated: \u001b[35m2019/09/04/Go语言的sync模块/index.html\u001b[39m","time":"2020-05-29T17:03:38.608Z","v":0}
{"name":"hexo","hostname":"MichaeldeMBP-3.lan","pid":24622,"level":30,"msg":"Generated: \u001b[35m2019/02/01/Kafka - - 快速入门指南/index.html\u001b[39m","time":"2020-05-29T17:03:38.608Z","v":0}
{"name":"hexo","hostname":"MichaeldeMBP-3.lan","pid":24622,"level":30,"msg":"Generated: \u001b[35m2020/01/08/yuque/Docker基础知识--Cgroup/index.html\u001b[39m","time":"2020-05-29T17:03:38.609Z","v":0}
{"name":"hexo","hostname":"MichaeldeMBP-3.lan","pid":24622,"level":30,"msg":"Generated: \u001b[35m2019/12/18/yuque/Docker基础原理--namespace（pid与network）/index.html\u001b[39m","time":"2020-05-29T17:03:38.609Z","v":0}
{"name":"hexo","hostname":"MichaeldeMBP-3.lan","pid":24622,"level":30,"msg":"Generated: \u001b[35m2019/03/03/yuque/usb接口键盘转PS2接口/index.html\u001b[39m","time":"2020-05-29T17:03:38.610Z","v":0}
{"name":"hexo","hostname":"MichaeldeMBP-3.lan","pid":24622,"level":30,"msg":"Generated: \u001b[35m2019/09/04/yuque/Go语言的sync模块/index.html\u001b[39m","time":"2020-05-29T17:03:38.610Z","v":0}
{"name":"hexo","hostname":"MichaeldeMBP-3.lan","pid":24622,"level":30,"msg":"Generated: \u001b[35m2019/01/29/yuque/测试语雀-Travis-Hexo/index.html\u001b[39m","time":"2020-05-29T17:03:38.610Z","v":0}
{"name":"hexo","hostname":"MichaeldeMBP-3.lan","pid":24622,"level":30,"msg":"Generated: \u001b[35m2019/06/03/yuque/RPC调用/index.html\u001b[39m","time":"2020-05-29T17:03:38.611Z","v":0}
{"name":"hexo","hostname":"MichaeldeMBP-3.lan","pid":24622,"level":30,"msg":"Generated: \u001b[35m2019/02/01/yuque/Kafka - - 快速入门指南/index.html\u001b[39m","time":"2020-05-29T17:03:38.611Z","v":0}
{"name":"hexo","hostname":"MichaeldeMBP-3.lan","pid":24622,"level":30,"msg":"60 files generated in \u001b[36m1.61 s\u001b[39m","time":"2020-05-29T17:03:38.612Z","v":0}
{"name":"hexo","hostname":"MichaeldeMBP-3.lan","pid":24622,"level":20,"msg":"Database saved","time":"2020-05-29T17:03:38.674Z","v":0}
